c:\users\diego\downloads\mazegame\mazegame\x64\debug\vc143.pdb
c:\users\diego\downloads\mazegame\mazegame\x64\debug\vc143.idb
c:\users\diego\downloads\mazegame\mazegame\x64\debug\statistics.obj
c:\users\diego\downloads\mazegame\mazegame\x64\debug\player.obj
c:\users\diego\downloads\mazegame\mazegame\x64\debug\mazesolver.obj
c:\users\diego\downloads\mazegame\mazegame\x64\debug\mazegenerator.obj
c:\users\diego\downloads\mazegame\mazegame\x64\debug\mazegame.obj
c:\users\diego\downloads\mazegame\mazegame\x64\debug\maze.obj
c:\users\diego\downloads\mazegame\x64\debug\mazegame.pdb
c:\users\diego\downloads\mazegame\mazegame\x64\debug\mazegame.tlog\cl.command.1.tlog
c:\users\diego\downloads\mazegame\mazegame\x64\debug\mazegame.tlog\cl.read.1.tlog
c:\users\diego\downloads\mazegame\mazegame\x64\debug\mazegame.tlog\cl.write.1.tlog
c:\users\diego\downloads\mazegame\mazegame\x64\debug\mazegame.tlog\link-cvtres.read.1.tlog
c:\users\diego\downloads\mazegame\mazegame\x64\debug\mazegame.tlog\link-cvtres.write.1.tlog
c:\users\diego\downloads\mazegame\mazegame\x64\debug\mazegame.tlog\link-rc.read.1.tlog
c:\users\diego\downloads\mazegame\mazegame\x64\debug\mazegame.tlog\link-rc.write.1.tlog
c:\users\diego\downloads\mazegame\mazegame\x64\debug\mazegame.tlog\link.command.1.tlog
c:\users\diego\downloads\mazegame\mazegame\x64\debug\mazegame.tlog\link.read.1.tlog
c:\users\diego\downloads\mazegame\mazegame\x64\debug\mazegame.tlog\link.read.2.tlog
c:\users\diego\downloads\mazegame\mazegame\x64\debug\mazegame.tlog\link.read.3.tlog
c:\users\diego\downloads\mazegame\mazegame\x64\debug\mazegame.tlog\link.read.4.tlog
c:\users\diego\downloads\mazegame\mazegame\x64\debug\mazegame.tlog\link.write.1.tlog
